Determining if the pthread_create exist failed with the following output:
Change Dir: /home/jannik/Desktop/continuum/cmake-build-release/CMakeFiles/CMakeTmp

Run Build Command:"/usr/bin/make" "cmTC_1ccbe/fast"
/usr/bin/make -f CMakeFiles/cmTC_1ccbe.dir/build.make CMakeFiles/cmTC_1ccbe.dir/build
make[1]: Entering directory '/home/jannik/Desktop/continuum/cmake-build-release/CMakeFiles/CMakeTmp'
Building C object CMakeFiles/cmTC_1ccbe.dir/CheckSymbolExists.c.o
/usr/bin/cc   -fPIC    -o CMakeFiles/cmTC_1ccbe.dir/CheckSymbolExists.c.o   -c /home/jannik/Desktop/continuum/cmake-build-release/CMakeFiles/CMakeTmp/CheckSymbolExists.c
Linking C executable cmTC_1ccbe
/home/jannik/Downloads/clion-2018.1.2/bin/cmake/bin/cmake -E cmake_link_script CMakeFiles/cmTC_1ccbe.dir/link.txt --verbose=1
/usr/bin/cc -fPIC     CMakeFiles/cmTC_1ccbe.dir/CheckSymbolExists.c.o  -o cmTC_1ccbe 
CMakeFiles/cmTC_1ccbe.dir/CheckSymbolExists.c.o: In function `main':
CheckSymbolExists.c:(.text+0x1b): undefined reference to `pthread_create'
collect2: error: ld returned 1 exit status
CMakeFiles/cmTC_1ccbe.dir/build.make:97: recipe for target 'cmTC_1ccbe' failed
make[1]: *** [cmTC_1ccbe] Error 1
make[1]: Leaving directory '/home/jannik/Desktop/continuum/cmake-build-release/CMakeFiles/CMakeTmp'
Makefile:126: recipe for target 'cmTC_1ccbe/fast' failed
make: *** [cmTC_1ccbe/fast] Error 2

File /home/jannik/Desktop/continuum/cmake-build-release/CMakeFiles/CMakeTmp/CheckSymbolExists.c:
/* */
#include <pthread.h>

int main(int argc, char** argv)
{
  (void)argv;
#ifndef pthread_create
  return ((int*)(&pthread_create))[argc];
#else
  (void)argc;
  return 0;
#endif
}

Determining if the function pthread_create exists in the pthreads failed with the following output:
Change Dir: /home/jannik/Desktop/continuum/cmake-build-release/CMakeFiles/CMakeTmp

Run Build Command:"/usr/bin/make" "cmTC_c0395/fast"
/usr/bin/make -f CMakeFiles/cmTC_c0395.dir/build.make CMakeFiles/cmTC_c0395.dir/build
make[1]: Entering directory '/home/jannik/Desktop/continuum/cmake-build-release/CMakeFiles/CMakeTmp'
Building C object CMakeFiles/cmTC_c0395.dir/CheckFunctionExists.c.o
/usr/bin/cc   -fPIC -DCHECK_FUNCTION_EXISTS=pthread_create   -o CMakeFiles/cmTC_c0395.dir/CheckFunctionExists.c.o   -c /home/jannik/Downloads/clion-2018.1.2/bin/cmake/share/cmake-3.10/Modules/CheckFunctionExists.c
Linking C executable cmTC_c0395
/home/jannik/Downloads/clion-2018.1.2/bin/cmake/bin/cmake -E cmake_link_script CMakeFiles/cmTC_c0395.dir/link.txt --verbose=1
/usr/bin/cc -fPIC -DCHECK_FUNCTION_EXISTS=pthread_create    CMakeFiles/cmTC_c0395.dir/CheckFunctionExists.c.o  -o cmTC_c0395 -lpthreads 
/usr/bin/ld: cannot find -lpthreads
collect2: error: ld returned 1 exit status
CMakeFiles/cmTC_c0395.dir/build.make:97: recipe for target 'cmTC_c0395' failed
make[1]: *** [cmTC_c0395] Error 1
make[1]: Leaving directory '/home/jannik/Desktop/continuum/cmake-build-release/CMakeFiles/CMakeTmp'
Makefile:126: recipe for target 'cmTC_c0395/fast' failed
make: *** [cmTC_c0395/fast] Error 2


